mode: set
github.com/bry-guy/srvivor/internal/scorer/scorer.go:43.54,55.34 8 1
github.com/bry-guy/srvivor/internal/scorer/scorer.go:55.34,57.25 2 1
github.com/bry-guy/srvivor/internal/scorer/scorer.go:57.25,60.4 2 1
github.com/bry-guy/srvivor/internal/scorer/scorer.go:61.3,61.31 1 1
github.com/bry-guy/srvivor/internal/scorer/scorer.go:61.31,63.4 1 1
github.com/bry-guy/srvivor/internal/scorer/scorer.go:69.2,69.43 1 1
github.com/bry-guy/srvivor/internal/scorer/scorer.go:69.43,70.58 1 1
github.com/bry-guy/srvivor/internal/scorer/scorer.go:70.58,71.43 1 1
github.com/bry-guy/srvivor/internal/scorer/scorer.go:71.43,73.5 1 1
github.com/bry-guy/srvivor/internal/scorer/scorer.go:73.10,75.5 1 0
github.com/bry-guy/srvivor/internal/scorer/scorer.go:82.2,88.20 5 1
github.com/bry-guy/srvivor/internal/scorer/scorer.go:99.97,101.43 2 1
github.com/bry-guy/srvivor/internal/scorer/scorer.go:101.43,102.69 1 1
github.com/bry-guy/srvivor/internal/scorer/scorer.go:102.69,112.4 4 1
github.com/bry-guy/srvivor/internal/scorer/scorer.go:114.2,114.21 1 1
github.com/bry-guy/srvivor/internal/scorer/scorer.go:125.100,128.34 2 1
github.com/bry-guy/srvivor/internal/scorer/scorer.go:128.34,129.49 1 1
github.com/bry-guy/srvivor/internal/scorer/scorer.go:129.49,131.4 1 1
github.com/bry-guy/srvivor/internal/scorer/scorer.go:137.2,137.25 1 1
github.com/bry-guy/srvivor/internal/scorer/scorer.go:137.25,142.38 4 1
github.com/bry-guy/srvivor/internal/scorer/scorer.go:142.38,143.25 1 1
github.com/bry-guy/srvivor/internal/scorer/scorer.go:143.25,145.5 1 1
github.com/bry-guy/srvivor/internal/scorer/scorer.go:148.3,148.44 1 1
github.com/bry-guy/srvivor/internal/scorer/scorer.go:148.44,151.70 2 1
github.com/bry-guy/srvivor/internal/scorer/scorer.go:151.70,157.37 5 1
github.com/bry-guy/srvivor/internal/scorer/scorer.go:157.37,159.6 1 1
github.com/bry-guy/srvivor/internal/scorer/scorer.go:159.11,159.32 1 1
github.com/bry-guy/srvivor/internal/scorer/scorer.go:159.32,161.6 1 1
github.com/bry-guy/srvivor/internal/scorer/scorer.go:164.4,166.28 3 1
github.com/bry-guy/srvivor/internal/scorer/scorer.go:169.3,171.25 3 1
github.com/bry-guy/srvivor/internal/scorer/scorer.go:175.2,176.39 2 1
github.com/bry-guy/srvivor/internal/scorer/scorer.go:176.39,178.3 1 1
github.com/bry-guy/srvivor/internal/scorer/scorer.go:179.2,179.37 1 1
github.com/bry-guy/srvivor/internal/scorer/scorer.go:179.37,181.3 1 1
github.com/bry-guy/srvivor/internal/scorer/scorer.go:184.2,185.39 2 1
github.com/bry-guy/srvivor/internal/scorer/scorer.go:185.39,187.3 1 1
github.com/bry-guy/srvivor/internal/scorer/scorer.go:190.2,190.34 1 1
github.com/bry-guy/srvivor/internal/scorer/scorer.go:190.34,192.3 1 1
github.com/bry-guy/srvivor/internal/scorer/scorer.go:194.2,201.37 2 1
github.com/bry-guy/srvivor/internal/scorer/scorer.go:201.37,204.42 2 1
github.com/bry-guy/srvivor/internal/scorer/scorer.go:204.42,206.46 2 1
github.com/bry-guy/srvivor/internal/scorer/scorer.go:206.46,208.5 1 1
github.com/bry-guy/srvivor/internal/scorer/scorer.go:212.3,214.32 3 1
github.com/bry-guy/srvivor/internal/scorer/scorer.go:217.2,217.24 1 1
github.com/bry-guy/srvivor/internal/scorer/scorer.go:222.24,223.11 1 1
github.com/bry-guy/srvivor/internal/scorer/scorer.go:223.11,225.3 1 1
github.com/bry-guy/srvivor/internal/scorer/scorer.go:226.2,226.10 1 1
github.com/bry-guy/srvivor/internal/scorer/scorer.go:229.76,231.31 2 0
github.com/bry-guy/srvivor/internal/scorer/scorer.go:231.31,233.17 2 0
github.com/bry-guy/srvivor/internal/scorer/scorer.go:233.17,235.4 1 0
github.com/bry-guy/srvivor/internal/scorer/scorer.go:236.3,236.25 1 0
github.com/bry-guy/srvivor/internal/scorer/scorer.go:238.2,238.20 1 0
github.com/bry-guy/srvivor/internal/scorer/scorer.go:241.21,242.11 1 1
github.com/bry-guy/srvivor/internal/scorer/scorer.go:242.11,244.3 1 1
github.com/bry-guy/srvivor/internal/scorer/scorer.go:245.2,245.10 1 1
github.com/bry-guy/srvivor/internal/scorer/scorer.go:248.47,254.21 4 1
github.com/bry-guy/srvivor/internal/scorer/scorer.go:254.21,258.20 2 1
github.com/bry-guy/srvivor/internal/scorer/scorer.go:258.20,260.12 2 1
github.com/bry-guy/srvivor/internal/scorer/scorer.go:263.3,263.22 1 1
github.com/bry-guy/srvivor/internal/scorer/scorer.go:263.22,266.23 2 1
github.com/bry-guy/srvivor/internal/scorer/scorer.go:266.23,268.5 1 0
github.com/bry-guy/srvivor/internal/scorer/scorer.go:270.4,271.15 2 1
github.com/bry-guy/srvivor/internal/scorer/scorer.go:272.19,273.31 1 1
github.com/bry-guy/srvivor/internal/scorer/scorer.go:274.16,275.28 1 1
github.com/bry-guy/srvivor/internal/scorer/scorer.go:276.18,277.30 1 1
github.com/bry-guy/srvivor/internal/scorer/scorer.go:279.9,282.23 2 1
github.com/bry-guy/srvivor/internal/scorer/scorer.go:282.23,284.5 1 0
github.com/bry-guy/srvivor/internal/scorer/scorer.go:286.4,287.18 2 1
github.com/bry-guy/srvivor/internal/scorer/scorer.go:287.18,289.5 1 0
github.com/bry-guy/srvivor/internal/scorer/scorer.go:291.4,291.21 1 1
github.com/bry-guy/srvivor/internal/scorer/scorer.go:291.21,293.5 1 0
github.com/bry-guy/srvivor/internal/scorer/scorer.go:295.4,298.6 1 1
github.com/bry-guy/srvivor/internal/scorer/scorer.go:302.2,302.38 1 1
github.com/bry-guy/srvivor/internal/scorer/scorer.go:302.38,304.3 1 0
github.com/bry-guy/srvivor/internal/scorer/scorer.go:306.2,306.16 1 1
github.com/bry-guy/srvivor/internal/scorer/scorer.go:310.51,313.16 3 0
github.com/bry-guy/srvivor/internal/scorer/scorer.go:313.16,315.3 1 0
github.com/bry-guy/srvivor/internal/scorer/scorer.go:316.2,318.24 2 0
